This is XeTeX, Version 3.14159265-2.6-0.999991 (TeX Live 2019/Debian) (preloaded format=xelatex 2020.9.7)  11 MAR 2021 22:05
entering extended mode
 restricted \write18 enabled.
 file:line:error style messages enabled.
 %&-line parsing enabled.
**plotting_csv.tex
(./plotting_csv.tex
LaTeX2e <2020-02-02> patch level 2
L3 programming layer <2020-02-14>
(/usr/share/texlive/texmf-dist/tex/latex/base/article.cls
Document Class: article 2019/12/20 v1.4l Standard LaTeX document class
(/usr/share/texlive/texmf-dist/tex/latex/base/size10.clo
File: size10.clo 2019/12/20 v1.4l Standard LaTeX file (size option)
)
\c@part=\count163
\c@section=\count164
\c@subsection=\count165
\c@subsubsection=\count166
\c@paragraph=\count167
\c@subparagraph=\count168
\c@figure=\count169
\c@table=\count170
\abovecaptionskip=\skip47
\belowcaptionskip=\skip48
\bibindent=\dimen134
)
(/usr/share/texlive/texmf-dist/tex/latex/graphics/graphicx.sty
Package: graphicx 2019/11/30 v1.2a Enhanced LaTeX Graphics (DPC,SPQR)

(/usr/share/texlive/texmf-dist/tex/latex/graphics/keyval.sty
Package: keyval 2014/10/28 v1.15 key=value parser (DPC)
\KV@toks@=\toks14
)
(/usr/share/texlive/texmf-dist/tex/latex/graphics/graphics.sty
Package: graphics 2019/11/30 v1.4a Standard LaTeX Graphics (DPC,SPQR)

(/usr/share/texlive/texmf-dist/tex/latex/graphics/trig.sty
Package: trig 2016/01/03 v1.10 sin cos tan (DPC)
)
(/usr/share/texlive/texmf-dist/tex/latex/graphics-cfg/graphics.cfg
File: graphics.cfg 2016/06/04 v1.11 sample graphics configuration
)
Package graphics Info: Driver file: xetex.def on input line 105.

(/usr/share/texlive/texmf-dist/tex/latex/graphics-def/xetex.def
File: xetex.def 2017/06/24 v5.0h Graphics/color driver for xetex
))
\Gin@req@height=\dimen135
\Gin@req@width=\dimen136
)
(/usr/share/texlive/texmf-dist/tex/latex/graphics/color.sty
Package: color 2019/11/23 v1.2a Standard LaTeX Color (DPC)

(/usr/share/texlive/texmf-dist/tex/latex/graphics-cfg/color.cfg
File: color.cfg 2016/01/02 v1.6 sample color configuration
)
Package color Info: Driver file: xetex.def on input line 147.
)
(/usr/share/texlive/texmf-dist/tex/latex/framed/framed.sty
Package: framed 2011/10/22 v 0.96: framed or shaded text with page breaks
\OuterFrameSep=\skip49
\fb@frw=\dimen137
\fb@frh=\dimen138
\FrameRule=\dimen139
\FrameSep=\dimen140
)
(/usr/share/texlive/texmf-dist/tex/latex/base/alltt.sty
Package: alltt 1997/06/16 v2.0g defines alltt environment
)
(/usr/share/texlive/texmf-dist/tex/latex/geometry/geometry.sty
Package: geometry 2020/01/02 v5.9 Page Geometry

(/usr/share/texlive/texmf-dist/tex/generic/iftex/ifvtex.sty
Package: ifvtex 2019/10/25 v1.7 ifvtex legacy package. Use iftex instead.

(/usr/share/texlive/texmf-dist/tex/generic/iftex/iftex.sty
Package: iftex 2019/11/07 v1.0c TeX engine tests
))
\Gm@cnth=\count171
\Gm@cntv=\count172
\c@Gm@tempcnt=\count173
\Gm@bindingoffset=\dimen141
\Gm@wd@mp=\dimen142
\Gm@odd@mp=\dimen143
\Gm@even@mp=\dimen144
\Gm@layoutwidth=\dimen145
\Gm@layoutheight=\dimen146
\Gm@layouthoffset=\dimen147
\Gm@layoutvoffset=\dimen148
\Gm@dimlist=\toks15
)
(/usr/share/texlive/texmf-dist/tex/latex/setspace/setspace.sty
Package: setspace 2011/12/19 v6.7a set line spacing
)
(/usr/share/texlive/texmf-dist/tex/latex/hyperref/hyperref.sty
Package: hyperref 2020/01/14 v7.00d Hypertext links for LaTeX

(/usr/share/texlive/texmf-dist/tex/generic/ltxcmds/ltxcmds.sty
Package: ltxcmds 2019/12/15 v1.24 LaTeX kernel commands for general use (HO)
)
(/usr/share/texlive/texmf-dist/tex/latex/pdftexcmds/pdftexcmds.sty
Package: pdftexcmds 2019/11/24 v0.31 Utility functions of pdfTeX for LuaTeX (HO
)

(/usr/share/texlive/texmf-dist/tex/generic/infwarerr/infwarerr.sty
Package: infwarerr 2019/12/03 v1.5 Providing info/warning/error messages (HO)
)
Package pdftexcmds Info: \pdf@primitive is available.
Package pdftexcmds Info: \pdf@ifprimitive is available.
Package pdftexcmds Info: \pdfdraftmode not found.
)
(/usr/share/texlive/texmf-dist/tex/generic/kvsetkeys/kvsetkeys.sty
Package: kvsetkeys 2019/12/15 v1.18 Key value parser (HO)
)
(/usr/share/texlive/texmf-dist/tex/generic/kvdefinekeys/kvdefinekeys.sty
Package: kvdefinekeys 2019-12-19 v1.6 Define keys (HO)
)
(/usr/share/texlive/texmf-dist/tex/generic/pdfescape/pdfescape.sty
Package: pdfescape 2019/12/09 v1.15 Implements pdfTeX's escape features (HO)
)
(/usr/share/texlive/texmf-dist/tex/latex/hycolor/hycolor.sty
Package: hycolor 2020-01-27 v1.10 Color options for hyperref/bookmark (HO)
)
(/usr/share/texlive/texmf-dist/tex/latex/letltxmacro/letltxmacro.sty
Package: letltxmacro 2019/12/03 v1.6 Let assignment for LaTeX macros (HO)
)
(/usr/share/texlive/texmf-dist/tex/latex/auxhook/auxhook.sty
Package: auxhook 2019-12-17 v1.6 Hooks for auxiliary files (HO)
)
(/usr/share/texlive/texmf-dist/tex/latex/kvoptions/kvoptions.sty
Package: kvoptions 2019/11/29 v3.13 Key value format for package options (HO)
)
\@linkdim=\dimen149
\Hy@linkcounter=\count174
\Hy@pagecounter=\count175

(/usr/share/texlive/texmf-dist/tex/latex/hyperref/pd1enc.def
File: pd1enc.def 2020/01/14 v7.00d Hyperref: PDFDocEncoding definition (HO)
)
(/usr/share/texlive/texmf-dist/tex/generic/intcalc/intcalc.sty
Package: intcalc 2019/12/15 v1.3 Expandable calculations with integers (HO)
)
(/usr/share/texlive/texmf-dist/tex/generic/etexcmds/etexcmds.sty
Package: etexcmds 2019/12/15 v1.7 Avoid name clashes with e-TeX commands (HO)
)
\Hy@SavedSpaceFactor=\count176
Package hyperref Info: Hyper figures OFF on input line 4547.
Package hyperref Info: Link nesting OFF on input line 4552.
Package hyperref Info: Hyper index ON on input line 4555.
Package hyperref Info: Plain pages OFF on input line 4562.
Package hyperref Info: Backreferencing OFF on input line 4567.
Package hyperref Info: Implicit mode ON; LaTeX internals redefined.
Package hyperref Info: Bookmarks ON on input line 4800.
\c@Hy@tempcnt=\count177

(/usr/share/texlive/texmf-dist/tex/latex/url/url.sty
\Urlmuskip=\muskip16
Package: url 2013/09/16  ver 3.4  Verb mode for urls, etc.
)
LaTeX Info: Redefining \url on input line 5159.
\XeTeXLinkMargin=\dimen150

(/usr/share/texlive/texmf-dist/tex/generic/bitset/bitset.sty
Package: bitset 2019/12/09 v1.3 Handle bit-vector datatype (HO)

(/usr/share/texlive/texmf-dist/tex/generic/bigintcalc/bigintcalc.sty
Package: bigintcalc 2019/12/15 v1.5 Expandable calculations on big integers (HO
)
))
\Fld@menulength=\count178
\Field@Width=\dimen151
\Fld@charsize=\dimen152
Package hyperref Info: Hyper figures OFF on input line 6430.
Package hyperref Info: Link nesting OFF on input line 6435.
Package hyperref Info: Hyper index ON on input line 6438.
Package hyperref Info: backreferencing OFF on input line 6445.
Package hyperref Info: Link coloring OFF on input line 6450.
Package hyperref Info: Link coloring with OCG OFF on input line 6455.
Package hyperref Info: PDF/A mode OFF on input line 6460.
LaTeX Info: Redefining \ref on input line 6500.
LaTeX Info: Redefining \pageref on input line 6504.

(/usr/share/texlive/texmf-dist/tex/generic/atbegshi/atbegshi.sty
Package: atbegshi 2019/12/05 v1.19 At begin shipout hook (HO)
)
\Hy@abspage=\count179
\c@Item=\count180
\c@Hfootnote=\count181
)
Package hyperref Info: Driver (autodetected): hxetex.

(/usr/share/texlive/texmf-dist/tex/latex/hyperref/hxetex.def
File: hxetex.def 2020/01/14 v7.00d Hyperref driver for XeTeX

(/usr/share/texlive/texmf-dist/tex/latex/hyperref/puenc.def
File: puenc.def 2020/01/14 v7.00d Hyperref: PDF Unicode definition (HO)
)
(/usr/share/texlive/texmf-dist/tex/generic/stringenc/stringenc.sty
Package: stringenc 2019/11/29 v1.12 Convert strings between diff. encodings (HO
)
)
\pdfm@box=\box45
\c@Hy@AnnotLevel=\count182
\HyField@AnnotCount=\count183
\Fld@listcount=\count184
\c@bookmark@seq@number=\count185

(/usr/share/texlive/texmf-dist/tex/latex/rerunfilecheck/rerunfilecheck.sty
Package: rerunfilecheck 2019/12/05 v1.9 Rerun checks for auxiliary files (HO)

(/usr/share/texlive/texmf-dist/tex/latex/atveryend/atveryend.sty
Package: atveryend 2019-12-11 v1.11 Hooks at the very end of document (HO)
Package atveryend Info: \enddocument detected (standard20110627).
)
(/usr/share/texlive/texmf-dist/tex/generic/uniquecounter/uniquecounter.sty
Package: uniquecounter 2019/12/15 v1.4 Provide unlimited unique counter (HO)
)
Package uniquecounter Info: New unique counter `rerunfilecheck' on input line 2
86.
)
\Hy@SectionHShift=\skip50
)
Package hyperref Info: Option `colorlinks' set `true' on input line 57.
Package hyperref Info: Option `breaklinks' set `true' on input line 57.

(/home/jakub/texmf/tex/latex/amsmath.sty
Package: amsmath 2000/07/18 v2.13 AMS math features
\@mathmargin=\skip51

For additional information on amsmath, use the `?' option.
(/usr/share/texlive/texmf-dist/tex/latex/amsmath/amstext.sty
Package: amstext 2000/06/29 v2.01 AMS text

(/usr/share/texlive/texmf-dist/tex/latex/amsmath/amsgen.sty
File: amsgen.sty 1999/11/30 v2.0 generic functions
\@emptytoks=\toks16
\ex@=\dimen153
))
(/usr/share/texlive/texmf-dist/tex/latex/amsmath/amsbsy.sty
Package: amsbsy 1999/11/29 v1.2d Bold Symbols
\pmbraise@=\dimen154
)
(/usr/share/texlive/texmf-dist/tex/latex/amsmath/amsopn.sty
Package: amsopn 2016/03/08 v2.02 operator names
)
\inf@bad=\count186
LaTeX Info: Redefining \frac on input line 211.
\uproot@=\count187
\leftroot@=\count188
LaTeX Info: Redefining \overline on input line 307.
\classnum@=\count189
\DOTSCASE@=\count190
LaTeX Info: Redefining \ldots on input line 379.
LaTeX Info: Redefining \dots on input line 382.
LaTeX Info: Redefining \cdots on input line 467.
\Mathstrutbox@=\box46
\strutbox@=\box47
\big@size=\dimen155
LaTeX Font Info:    Redeclaring font encoding OML on input line 567.
LaTeX Font Info:    Redeclaring font encoding OMS on input line 568.


Package amsmath Warning: Unable to redefine math accent \hat.


Package amsmath Warning: Unable to redefine math accent \check.


Package amsmath Warning: Unable to redefine math accent \tilde.


Package amsmath Warning: Unable to redefine math accent \acute.


Package amsmath Warning: Unable to redefine math accent \grave.


Package amsmath Warning: Unable to redefine math accent \dot.


Package amsmath Warning: Unable to redefine math accent \ddot.


Package amsmath Warning: Unable to redefine math accent \breve.


Package amsmath Warning: Unable to redefine math accent \bar.


Package amsmath Warning: Unable to redefine math accent \vec.


Package amsmath Warning: Unable to redefine math accent \mathring.

\macc@depth=\count191
\c@MaxMatrixCols=\count192
\dotsspace@=\muskip17
\c@parentequation=\count193
\dspbrk@lvl=\count194
\tag@help=\toks17
\row@=\count195
\column@=\count196
\maxfields@=\count197
\andhelp@=\toks18
\eqnshift@=\dimen156
\alignsep@=\dimen157
\tagshift@=\dimen158
\tagwidth@=\dimen159
\totwidth@=\dimen160
\lineht@=\dimen161
\@envbody=\toks19
\multlinegap=\skip52
\multlinetaggap=\skip53
\mathdisplay@stack=\toks20
LaTeX Info: Redefining \[ on input line 2666.
LaTeX Info: Redefining \] on input line 2667.
) (/usr/share/texlive/texmf-dist/tex/latex/amsfonts/amssymb.sty
Package: amssymb 2013/01/14 v3.01 AMS font symbols

(/usr/share/texlive/texmf-dist/tex/latex/amsfonts/amsfonts.sty
Package: amsfonts 2013/01/14 v3.01 Basic AMSFonts support
\symAMSa=\mathgroup4
\symAMSb=\mathgroup5
LaTeX Font Info:    Redeclaring math symbol \hbar on input line 98.
LaTeX Font Info:    Overwriting math alphabet `\mathfrak' in version `bold'
(Font)                  U/euf/m/n --> U/euf/b/n on input line 106.
))
(/home/jakub/texmf/tex/latex/mathtools.sty
Package: mathtools 2011/04/06 v1.11 mathematical typesetting tools

(/usr/share/texlive/texmf-dist/tex/latex/tools/calc.sty
Package: calc 2017/05/25 v4.3 Infix arithmetic (KKT,FJ)
\calc@Acount=\count198
\calc@Bcount=\count199
\calc@Adimen=\dimen162
\calc@Bdimen=\dimen163
\calc@Askip=\skip54
\calc@Bskip=\skip55
LaTeX Info: Redefining \setlength on input line 80.
LaTeX Info: Redefining \addtolength on input line 81.
\calc@Ccount=\count266
\calc@Cskip=\skip56
)
(/home/jakub/texmf/tex/latex/mhsetup.sty
Package: mhsetup 2010/01/21 v1.2a programming setup (MH)
)
\g_MT_multlinerow_int=\count267
\l_MT_multwidth_dim=\dimen164
\origjot=\skip57
\l_MT_shortvdotswithinadjustabove_dim=\dimen165
\l_MT_shortvdotswithinadjustbelow_dim=\dimen166
)
(/usr/share/texlive/texmf-dist/tex/latex/linguex/linguex.sty
Package: linguex 2013/05/28 Example formatting for linguistics v. 4.3

(/usr/share/texlive/texmf-dist/tex/latex/tools/xspace.sty
Package: xspace 2014/10/28 v1.13 Space after command names (DPC,MH)
)
(/home/jakub/texmf/tex/latex/cgloss4e.sty
\lineone=\box48
\linetwo=\box49
\linethree=\box50
\wordone=\box51
\wordtwo=\box52
\wordthree=\box53
\gline=\box54
\glossglue=\skip58
)
\c@ExNo=\count268
\c@SubExNo=\count269
\c@SubSubExNo=\count270
\c@FnExNo=\count271
\c@ABC=\count272
\currentlabel=\skip59
\lessthanten=\skip60
\lessthanhundred=\skip61
\lessthanthousand=\skip62
\@Exleftmargin=\skip63
\Exlabelwidth=\skip64
\Extopsep=\skip65
\Exindent=\skip66
\SubExleftmargin=\skip67
\SubSubExleftmargin=\skip68
\Exlabelsep=\skip69
\alignSubExnegindent=\skip70
\Exredux=\skip71
\digitwidth=\skip72
\mindigitwidth=\skip73
\c@ExDepth=\count273
\c@TempExDepth=\count274
\CollectTokens=\toks21
LaTeX Info: Redefining \b on input line 307.
LaTeX Info: Redefining \c on input line 311.
LaTeX Info: Redefining \d on input line 313.
\c@tmpaEx=\count275
)
(/usr/share/texlive/texmf-dist/tex/latex/natbib/natbib.sty
Package: natbib 2010/09/13 8.31b (PWD, AO)
\bibhang=\skip74
\bibsep=\skip75
LaTeX Info: Redefining \cite on input line 694.
\c@NAT@ctr=\count276
)
(/usr/share/texlive/texmf-dist/tex/latex/upquote/upquote.sty
Package: upquote 2012/04/19 v1.3 upright-quote and grave-accent glyphs in verba
tim

(/usr/share/texlive/texmf-dist/tex/latex/base/textcomp.sty
Package: textcomp 2020/02/02 v2.0n Standard LaTeX package
))
(/usr/share/texlive/texmf-dist/tex/latex/l3backend/l3backend-xdvipdfmx.def
File: l3backend-xdvipdfmx.def 2020-02-03 L3 backend support: xdvipdfmx
\g__graphics_track_int=\count277
\l__pdf_internal_box=\box55
\g__pdf_backend_object_int=\count278
\g__pdf_backend_annotation_int=\count279
)
(./plotting_csv.aux)
\openout1 = `plotting_csv.aux'.

LaTeX Font Info:    Checking defaults for OML/cmm/m/it on input line 77.
LaTeX Font Info:    ... okay on input line 77.
LaTeX Font Info:    Checking defaults for OMS/cmsy/m/n on input line 77.
LaTeX Font Info:    ... okay on input line 77.
LaTeX Font Info:    Checking defaults for OT1/cmr/m/n on input line 77.
LaTeX Font Info:    ... okay on input line 77.
LaTeX Font Info:    Checking defaults for T1/cmr/m/n on input line 77.
LaTeX Font Info:    ... okay on input line 77.
LaTeX Font Info:    Checking defaults for TS1/cmr/m/n on input line 77.
LaTeX Font Info:    Trying to load font information for TS1+cmr on input line 7
7.
 (/usr/share/texlive/texmf-dist/tex/latex/base/ts1cmr.fd
File: ts1cmr.fd 2019/12/16 v2.5j Standard LaTeX font definitions
)
LaTeX Font Info:    ... okay on input line 77.
LaTeX Font Info:    Checking defaults for TU/lmr/m/n on input line 77.
LaTeX Font Info:    ... okay on input line 77.
LaTeX Font Info:    Checking defaults for OMX/cmex/m/n on input line 77.
LaTeX Font Info:    ... okay on input line 77.
LaTeX Font Info:    Checking defaults for U/cmr/m/n on input line 77.
LaTeX Font Info:    ... okay on input line 77.
LaTeX Font Info:    Checking defaults for PD1/pdf/m/n on input line 77.
LaTeX Font Info:    ... okay on input line 77.
LaTeX Font Info:    Checking defaults for PU/pdf/m/n on input line 77.
LaTeX Font Info:    ... okay on input line 77.

*geometry* driver: auto-detecting
*geometry* detected driver: xetex
*geometry* verbose mode - [ preamble ] result:
* driver: xetex
* paper: <default>
* layout: <same size as paper>
* layoutoffset:(h,v)=(0.0pt,0.0pt)
* modes: 
* h-part:(L,W,R)=(72.26999pt, 469.75502pt, 72.26999pt)
* v-part:(T,H,B)=(72.26999pt, 650.43001pt, 72.26999pt)
* \paperwidth=614.295pt
* \paperheight=794.96999pt
* \textwidth=469.75502pt
* \textheight=650.43001pt
* \oddsidemargin=0.0pt
* \evensidemargin=0.0pt
* \topmargin=-37.0pt
* \headheight=12.0pt
* \headsep=25.0pt
* \topskip=10.0pt
* \footskip=30.0pt
* \marginparwidth=65.0pt
* \marginparsep=11.0pt
* \columnsep=10.0pt
* \skip\footins=9.0pt plus 4.0pt minus 2.0pt
* \hoffset=0.0pt
* \voffset=0.0pt
* \mag=1000
* \@twocolumnfalse
* \@twosidefalse
* \@mparswitchfalse
* \@reversemarginfalse
* (1in=72.27pt=25.4mm, 1cm=28.453pt)

\AtBeginShipoutBox=\box56
Package hyperref Info: Link coloring ON on input line 77.
(/usr/share/texlive/texmf-dist/tex/latex/hyperref/nameref.sty
Package: nameref 2019/09/16 v2.46 Cross-referencing by name of section

(/usr/share/texlive/texmf-dist/tex/latex/refcount/refcount.sty
Package: refcount 2019/12/15 v3.6 Data extraction from label references (HO)
)
(/usr/share/texlive/texmf-dist/tex/generic/gettitlestring/gettitlestring.sty
Package: gettitlestring 2019/12/15 v1.6 Cleanup title references (HO)
)
\c@section@level=\count280
)
LaTeX Info: Redefining \ref on input line 77.
LaTeX Info: Redefining \pageref on input line 77.
LaTeX Info: Redefining \nameref on input line 77.

(./plotting_csv.out) (./plotting_csv.out)
\@outlinefile=\write3
\openout3 = `plotting_csv.out'.

LaTeX Font Info:    Trying to load font information for U+msa on input line 80.


(/usr/share/texlive/texmf-dist/tex/latex/amsfonts/umsa.fd
File: umsa.fd 2013/01/14 v3.01 AMS symbols A
)
LaTeX Font Info:    Trying to load font information for U+msb on input line 80.


(/usr/share/texlive/texmf-dist/tex/latex/amsfonts/umsb.fd
File: umsb.fd 2013/01/14 v3.01 AMS symbols B
)
(/usr/share/texlive/texmf-dist/tex/generic/stringenc/se-ascii-print.def
File: se-ascii-print.def 2019/11/29 v1.12 stringenc: Printable ASCII characters

)
Package color Info: Redefining color shadecolor on input line 84.

Overfull \hbox (76.24498pt too wide) in paragraph at lines 155--155
[]\TU/lmtt/m/n/10 ##  $ pos      : Factor w/ 32341 levels "1.1.1","1.1.word",..
: 2 1 578 579 577 919 920 918 1264 1265 ...[] 
 []


Overfull \hbox (118.24498pt too wide) in paragraph at lines 155--155
[]\TU/lmtt/m/n/10 ##  $ word     : Factor w/ 3516 levels "-",",",":","!",..: 15
75 1575 3506 3506 3506 3398 3398 3398 3172 3172 ...[] 
 []


Overfull \hbox (76.24498pt too wide) in paragraph at lines 155--155
[]\TU/lmtt/m/n/10 ##  $ pos      : Factor w/ 32333 levels "1.1.1","1.1.word",..
: 2 1 578 579 577 919 920 918 1264 1265 ...[] 
 []


Overfull \hbox (118.24498pt too wide) in paragraph at lines 155--155
[]\TU/lmtt/m/n/10 ##  $ word     : Factor w/ 3511 levels "-",",",":","!",..: 15
71 1571 3501 3501 3501 3393 3393 3393 3167 3167 ...[] 
 []


Overfull \hbox (107.74498pt too wide) in paragraph at lines 155--155
[]\TU/lmtt/m/n/10 ##  $ freq     : int  99632595 99632595 25245107 25245107 252
45107 7751670 7751670 7751670 8148828 8148828 ...[] 
 []


Overfull \hbox (107.74498pt too wide) in paragraph at lines 155--155
[]\TU/lmtt/m/n/10 ##  $ pos      : Factor w/ 30823 levels "1.10.1","1.10.2",..:
 555 554 880 881 879 1213 1214 1212 1541 1542 ...[] 
 []


Overfull \hbox (118.24498pt too wide) in paragraph at lines 155--155
[]\TU/lmtt/m/n/10 ##  $ word     : Factor w/ 3351 levels "-",",",":","!",..: 33
42 3342 3238 3238 3238 3020 3020 3020 1588 1588 ...[] 
 []


Overfull \hbox (18.49498pt too wide) in paragraph at lines 155--155
[]\TU/lmtt/m/n/10 ##  $ freq     : int  19346858 19346858 553145 553145 553145 
316331 316331 316331 492 492 ...[] 
 []


Overfull \hbox (107.74498pt too wide) in paragraph at lines 155--155
[]\TU/lmtt/m/n/10 ##  $ otherfreq: int  99632595 99632595 25245107 25245107 252
45107 7751670 7751670 7751670 8148828 8148828 ...[] 
 []

[1

]
Package color Info: Redefining color shadecolor on input line 165.
LaTeX Font Info:    Font shape `TU/lmtt/bx/n' in size <10> not available
(Font)              Font shape `TU/lmtt/b/n' tried instead on input line 169.

Overfull \hbox (76.24498pt too wide) in paragraph at lines 316--316
[]\TU/lmtt/m/n/10 ##  $ word       : Factor w/ 608 levels ",",":","[]","[][]",.
.: 258 607 576 533 275 533 510 346 352 149 ...[] 
 []


Overfull \hbox (18.49498pt too wide) in paragraph at lines 357--357
[]\TU/lmtt/m/n/10 ##  $ word       : Factor w/ 3104 levels "[]Admiral","[]admir
al[],",..: 1 2 3 4 5 6 7 8 9 10 ...[] 
 []


Overfull \hbox (18.49498pt too wide) in paragraph at lines 361--361
[][]\TU/lmtt/m/n/10 test_wordinfo[] []<-[] []\TU/lmtt/b/n/10 subset[][]\TU/lmtt
/m/n/10 (wordinfo, record_RTs[] []==[] []"yes"[][])[]  []\TU/lmtt/m/it/10 # kee
p only wordinfo for actual words[][] 
 []


Overfull \hbox (76.24498pt too wide) in paragraph at lines 382--382
[]\TU/lmtt/m/n/10 ##  $ word.x     : Factor w/ 608 levels ",",":","[]","[][]",.
.: 258 607 576 533 275 533 510 346 352 149 ...[] 
 []


Overfull \hbox (144.49498pt too wide) in paragraph at lines 384--384
[][]\TU/lmtt/m/n/10 test_wordinfo[] []<-[] []\TU/lmtt/b/n/10 subset[][]\TU/lmtt
/m/n/10 (test_wordinfo, sentence_no[] []%in%[] []\TU/lmtt/b/n/10 c[][]\TU/lmtt/
m/n/10 ([][]11[][]:[][]57[][],[] []68[][]:[][]94[][]))[]  []\TU/lmtt/m/it/10 # 
remove the first 10 sents in both stories[][] 
 []


Overfull \hbox (55.24498pt too wide) in paragraph at lines 407--407
[]\TU/lmtt/m/n/10 ##  $ word.x     : Factor w/ 608 levels ",",":","[]","[][]",.
.: 426 509 589 110 279 510 65 28 72 35 ...[] 
 []


Overfull \hbox (55.24498pt too wide) in paragraph at lines 590--590
[]\TU/lmtt/m/n/10 ##  $ word.x     : Factor w/ 608 levels ",",":","[]","[][]",.
.: 426 509 589 110 279 510 65 28 72 35 ...[] 
 []


Overfull \hbox (144.49498pt too wide) in paragraph at lines 590--590
[]\TU/lmtt/m/n/10 ##  $ word       : Factor w/ 3104 levels "[]Admiral","[]admir
al[],",..: 2297 2712 3024 628 1485 2717 351 164 402 224 ...[] 
 []

[2]
Underfull \vbox (badness 10000) detected at line 723
 []


Underfull \vbox (badness 10000) detected at line 723
 []

[3] [4] [5] [6]
Underfull \vbox (badness 10000) detected at line 723
 []


Underfull \vbox (badness 10000) detected at line 723
 []

[7]
Underfull \vbox (badness 10000) detected at line 723
 []


Underfull \vbox (badness 10000) detected at line 723
 []

[8] [9] [10] [11]
Package color Info: Redefining color shadecolor on input line 729.

Overfull \hbox (60.49498pt too wide) in paragraph at lines 734--734
[]    []\TU/lmtt/m/n/10 Word[] []=[] []\TU/lmtt/b/n/10 rep[][]\TU/lmtt/m/n/10 (
combined[][]$[][]word.y[[][]1[][]:[][](nregions)],[] []each[] []= ndraws),[] []
Item[] []=[] []\TU/lmtt/b/n/10 rep[][]\TU/lmtt/m/n/10 (combined[][]$[][]item[[]
[]1[][]:[][](nregions)],[][] 
 []


Overfull \hbox (70.99498pt too wide) in paragraph at lines 737--737
[]    []\TU/lmtt/m/n/10 Freq[] []=[] []\TU/lmtt/b/n/10 rep[][]\TU/lmtt/m/n/10 (
combined[][]$[][]freq[[][]1[][]:[][](nregions)],[] []each[] []= ndraws),[] []Bi
gram[] []=[] []\TU/lmtt/b/n/10 rep[][]\TU/lmtt/m/n/10 (combined[][]$[][]bigram[
[][]1[][]:[][](nregions)],[][] 
 []


Overfull \hbox (65.74498pt too wide) in paragraph at lines 758--758
[]\TU/lmtt/m/n/10 ##  $ Word       : Factor w/ 471 levels "[]","a","able",..: 3
30 330 330 330 330 330 330 330 330 330 ...[] 
 []

[12]
Package color Info: Redefining color shadecolor on input line 823.
Package color Info: Redefining color shadecolor on input line 838.

Overfull \hbox (7.99498pt too wide) in paragraph at lines 842--842
[]    []\TU/lmtt/m/n/10 Trigram[] []=[] []\TU/lmtt/b/n/10 first[][]\TU/lmtt/m/n
/10 (Trigram),[] []Observed[] []=[] []\TU/lmtt/b/n/10 first[][]\TU/lmtt/m/n/10 
(Observed),[] []Sentence_no[] []=[] []\TU/lmtt/b/n/10 first[][]\TU/lmtt/m/n/10 
(Sentence_no),[][] 
 []


Overfull \hbox (20.24498pt too wide) in paragraph at lines 847--847
[]\TU/lmtt/m/it/10 ## `summarise()` has grouped output by 'Item'. You can overr
ide using the `.groups` argument.[] 
 []

[13]
Package color Info: Redefining color shadecolor on input line 866.
 [14] [15] [16]
Package color Info: Redefining color shadecolor on input line 1057.

Overfull \hbox (60.49498pt too wide) in paragraph at lines 1339--1339
[]    []\TU/lmtt/m/n/10 Item[][]:[][]\TU/lmtt/b/n/10 scale[][]\TU/lmtt/m/n/10 (
Absolute_position)[] []+[] []Item[][]:[][]\TU/lmtt/b/n/10 scale[][]\TU/lmtt/m/n
/10 (Position)[] []+[] []\TU/lmtt/b/n/10 scale[][]\TU/lmtt/m/n/10 (Absolute_pos
ition)[][]:[][]\TU/lmtt/b/n/10 scale[][]\TU/lmtt/m/n/10 (Position)[] []+[][] 
 []

[17] [18] [19] [20] [21] [22]
Package color Info: Redefining color shadecolor on input line 1399.

Overfull \hbox (34.24498pt too wide) in paragraph at lines 1432--1432
[]\TU/lmtt/m/n/10 ##  $ Region           : Factor w/ 1312 levels "No_0001","No_
0002",..: 1 2 3 4 5 6 7 8 10 11 ...[] 
 []


Overfull \hbox (81.49498pt too wide) in paragraph at lines 1448--1448
[][]\TU/lmtt/m/n/10 data.to.plot[] []<-[] []\TU/lmtt/b/n/10 data.frame[][]\TU/l
mtt/m/n/10 ([][]Decile[] []=[] []\TU/lmtt/b/n/10 rep[][]\TU/lmtt/m/n/10 (summar
y.Trigram[][]$[][]Trigramcat,[] []2[][]),[] []RT[] []=[] []\TU/lmtt/b/n/10 c[][
]\TU/lmtt/m/n/10 (summary.Trigram[][]$[][]Predicted,[][] 
 []


Overfull \hbox (2.74498pt too wide) in paragraph at lines 1449--1449
[]    []\TU/lmtt/m/n/10 summary.Trigram[][]$[][]Found),[] []std[] []=[] []\TU/l
mtt/b/n/10 c[][]\TU/lmtt/m/n/10 (summary.Trigram[][]$[][]sdPredicted, summary.T
rigram[][]$[][]sdFound),[][] 
 []

[23]
Package color Info: Redefining color shadecolor on input line 1465.
File: figures/figure_ns_unnamed-chunk-11-1.pdf Graphic file (type pdf)
<use figures/figure_ns_unnamed-chunk-11-1.pdf>

Overfull \hbox (15.0pt too wide) in paragraph at lines 1466--1467
[][] 
 []

Package color Info: Redefining color shadecolor on input line 1471.
Package color Info: Redefining color shadecolor on input line 1479.

Overfull \hbox (34.24498pt too wide) in paragraph at lines 1553--1553
[]\TU/lmtt/m/n/10 ##  $ Region           : Factor w/ 1312 levels "No_0001","No_
0002",..: 1 2 3 4 5 6 7 8 10 11 ...[] 
 []


Overfull \hbox (2.74498pt too wide) in paragraph at lines 1553--1553
[]\TU/lmtt/m/n/10 ##  $ Trigramcat       : Factor w/ 10 levels "0.1","0.2","0.3
",..: 6 9 2 5 4 7 2 7 2 4 ...[] 
 []


Overfull \hbox (23.74498pt too wide) in paragraph at lines 1588--1588
[]    []\TU/lmtt/m/n/10 2[][])),[] []RT[] []=[] []\TU/lmtt/b/n/10 c[][]\TU/lmtt
/m/n/10 (summary.Freq[][]$[][]Predicted, summary.Freq[][]$[][]Found),[] []std[]
 []=[] []\TU/lmtt/b/n/10 c[][]\TU/lmtt/m/n/10 (summary.Freq[][]$[][]sdPredicted
,[][] 
 []

[24] [25]
Package color Info: Redefining color shadecolor on input line 1605.
 [26]
File: figures/figure_ns_unnamed-chunk-14-1.pdf Graphic file (type pdf)
<use figures/figure_ns_unnamed-chunk-14-1.pdf>

Overfull \hbox (15.0pt too wide) in paragraph at lines 1606--1607
[][] 
 []

Package color Info: Redefining color shadecolor on input line 1611.
Package color Info: Redefining color shadecolor on input line 1619.

Overfull \hbox (2.74498pt too wide) in paragraph at lines 1673--1673
[][]\TU/lmtt/m/n/10 data.to.plot[] []<-[] []\TU/lmtt/b/n/10 data.frame[][]\TU/l
mtt/m/n/10 ([][]Decile[] []=[] []\TU/lmtt/b/n/10 rep[][]\TU/lmtt/m/n/10 (summar
y.RT[][]$[][]RTcat,[] []2[][]),[] []RT[] []=[] []\TU/lmtt/b/n/10 c[][]\TU/lmtt/
m/n/10 (summary.RT[][]$[][]Predicted,[][] 
 []

[27]
Package color Info: Redefining color shadecolor on input line 1690.
File: figures/figure_ns_unnamed-chunk-17-1.pdf Graphic file (type pdf)
<use figures/figure_ns_unnamed-chunk-17-1.pdf>

Overfull \hbox (15.0pt too wide) in paragraph at lines 1691--1692
[][] 
 []

Package color Info: Redefining color shadecolor on input line 1696.
[28]
Overfull \hbox (97.24498pt too wide) in paragraph at lines 1772--1772
[][]\TU/lmtt/m/n/10 data.to.plot[] []<-[] []\TU/lmtt/b/n/10 data.frame[][]\TU/l
mtt/m/n/10 ([][]Decile[] []=[] []\TU/lmtt/b/n/10 rep[][]\TU/lmtt/m/n/10 (summar
y.Observed[][]$[][]Observedcat,[] []2[][]),[] []RT[] []=[] []\TU/lmtt/b/n/10 c[
][]\TU/lmtt/m/n/10 (summary.Observed[][]$[][]Predicted,[][] 
 []


Overfull \hbox (18.49498pt too wide) in paragraph at lines 1773--1773
[]    []\TU/lmtt/m/n/10 summary.Observed[][]$[][]Found),[] []std[] []=[] []\TU/
lmtt/b/n/10 c[][]\TU/lmtt/m/n/10 (summary.Observed[][]$[][]sdPredicted, summary
.Observed[][]$[][]sdFound),[][] 
 []


Overfull \hbox (23.74498pt too wide) in paragraph at lines 1810--1810
[]    []\TU/lmtt/m/n/10 std),[] []position[] []= dodge,[] []width[] []=[] []0.3
[][],[] []size[] []=[] []\TU/lmtt/b/n/10 I[][]\TU/lmtt/m/n/10 ([][]1.3[][]))[] 
[]+[] []\TU/lmtt/b/n/10 scale_shape_manual[][]\TU/lmtt/m/n/10 ([][]values[] []=
[] []23[][]:[][]24[][])[] []+[][] 
 []


Overfull \hbox (13.24498pt too wide) in paragraph at lines 1811--1811
[]    []\TU/lmtt/b/n/10 scale_color_manual[][]\TU/lmtt/m/n/10 ([][]values[] []=
[] []\TU/lmtt/b/n/10 c[][]\TU/lmtt/m/n/10 ([][]"gold3"[][],[] []"blue4"[][]))[]
 []+[] []\TU/lmtt/b/n/10 scale_fill_manual[][]\TU/lmtt/m/n/10 ([][]values[] []=
[] []\TU/lmtt/b/n/10 c[][]\TU/lmtt/m/n/10 ([][]"gold3"[][],[][] 
 []

[29] [30]
Package color Info: Redefining color shadecolor on input line 1819.
File: figures/figure_ns_unnamed-chunk-19-1.pdf Graphic file (type pdf)
<use figures/figure_ns_unnamed-chunk-19-1.pdf>

Overfull \hbox (15.0pt too wide) in paragraph at lines 1823--1824
[][] 
 []

Package color Info: Redefining color shadecolor on input line 1828.
[31]
Package color Info: Redefining color shadecolor on input line 1838.

Overfull \hbox (60.49498pt too wide) in paragraph at lines 1888--1888
[]    []\TU/lmtt/m/n/10 ymax[] []= CF2),[] []position[] []= dodge,[] []width[] 
[]=[] []0.3[][],[] []size[] []=[] []\TU/lmtt/b/n/10 I[][]\TU/lmtt/m/n/10 ([][]1
.3[][]))[] []+[] []\TU/lmtt/b/n/10 scale_shape_manual[][]\TU/lmtt/m/n/10 ([][]v
alues[] []=[] []21[][]:[][]24[][])[] []+[][] 
 []


Overfull \hbox (13.24498pt too wide) in paragraph at lines 1889--1889
[]    []\TU/lmtt/b/n/10 scale_color_manual[][]\TU/lmtt/m/n/10 ([][]values[] []=
[] []\TU/lmtt/b/n/10 c[][]\TU/lmtt/m/n/10 ([][]"gold3"[][],[] []"blue4"[][]))[]
 []+[] []\TU/lmtt/b/n/10 scale_fill_manual[][]\TU/lmtt/m/n/10 ([][]values[] []=
[] []\TU/lmtt/b/n/10 c[][]\TU/lmtt/m/n/10 ([][]"gold3"[][],[][] 
 []

[32]
Package color Info: Redefining color shadecolor on input line 1898.
File: figures/figure_ns_unnamed-chunk-22-1.pdf Graphic file (type pdf)
<use figures/figure_ns_unnamed-chunk-22-1.pdf>

Overfull \hbox (15.0pt too wide) in paragraph at lines 1899--1900
[][] 
 []

Package color Info: Redefining color shadecolor on input line 1904.
[33]
Overfull \hbox (60.49498pt too wide) in paragraph at lines 1908--1908
[]    []\TU/lmtt/m/n/10 ymax[] []= CF2),[] []position[] []= dodge,[] []width[] 
[]=[] []0.3[][],[] []size[] []=[] []\TU/lmtt/b/n/10 I[][]\TU/lmtt/m/n/10 ([][]0
.9[][]))[] []+[] []\TU/lmtt/b/n/10 scale_shape_manual[][]\TU/lmtt/m/n/10 ([][]v
alues[] []=[] []21[][]:[][]24[][])[] []+[][] 
 []


Overfull \hbox (13.24498pt too wide) in paragraph at lines 1909--1909
[]    []\TU/lmtt/b/n/10 scale_color_manual[][]\TU/lmtt/m/n/10 ([][]values[] []=
[] []\TU/lmtt/b/n/10 c[][]\TU/lmtt/m/n/10 ([][]"gold3"[][],[] []"blue4"[][]))[]
 []+[] []\TU/lmtt/b/n/10 scale_fill_manual[][]\TU/lmtt/m/n/10 ([][]values[] []=
[] []\TU/lmtt/b/n/10 c[][]\TU/lmtt/m/n/10 ([][]"gold3"[][],[][] 
 []

Package color Info: Redefining color shadecolor on input line 1917.
File: figures/figure_ns_unnamed-chunk-24-1.pdf Graphic file (type pdf)
<use figures/figure_ns_unnamed-chunk-24-1.pdf>

Overfull \hbox (15.0pt too wide) in paragraph at lines 1921--1922
[][] 
 []

Package color Info: Redefining color shadecolor on input line 1927.
[34]
Package color Info: Redefining color shadecolor on input line 1939.

Overfull \hbox (65.74498pt too wide) in paragraph at lines 1941--1941
[][]\TU/lmtt/m/n/10 data.to.plot[][]$[][]RTadjusted[] []<-[] []data.to.plot[][]
$[][]RT[] []+[] []m2[][]$[][]coefficients[[][]3[][]][] []*[] []\TU/lmtt/b/n/10 
log[][]\TU/lmtt/m/n/10 ([][]\TU/lmtt/b/n/10 as.numeric[][]\TU/lmtt/m/n/10 (data
.to.plot[][]$[][]Region))[][] 
 []


Overfull \hbox (76.24498pt too wide) in paragraph at lines 1944--1944
[][]\TU/lmtt/m/n/10 data.to.plot[][]$[][]CF1adjusted[] []<-[] []data.to.plot[][
]$[][]CF1[] []+[] []m2[][]$[][]coefficients[[][]3[][]][] []*[] []\TU/lmtt/b/n/1
0 log[][]\TU/lmtt/m/n/10 ([][]\TU/lmtt/b/n/10 as.numeric[][]\TU/lmtt/m/n/10 (da
ta.to.plot[][]$[][]Region))[][] 
 []


Overfull \hbox (76.24498pt too wide) in paragraph at lines 1945--1945
[][]\TU/lmtt/m/n/10 data.to.plot[][]$[][]CF2adjusted[] []<-[] []data.to.plot[][
]$[][]CF2[] []+[] []m2[][]$[][]coefficients[[][]3[][]][] []*[] []\TU/lmtt/b/n/1
0 log[][]\TU/lmtt/m/n/10 ([][]\TU/lmtt/b/n/10 as.numeric[][]\TU/lmtt/m/n/10 (da
ta.to.plot[][]$[][]Region))[][] 
 []


Overfull \hbox (7.99498pt too wide) in paragraph at lines 1969--1969
[]    []\TU/lmtt/m/n/10 ymax[] []= CF2adjusted),[] []width[] []=[] []0.3[][],[]
 []size[] []=[] []\TU/lmtt/b/n/10 I[][]\TU/lmtt/m/n/10 ([][]0.9[][]))[] []+[] [
]\TU/lmtt/b/n/10 scale_shape_manual[][]\TU/lmtt/m/n/10 ([][]values[] []=[] []21
[][]:[][]24[][])[] []+[][] 
 []


Overfull \hbox (13.24498pt too wide) in paragraph at lines 1970--1970
[]    []\TU/lmtt/b/n/10 scale_color_manual[][]\TU/lmtt/m/n/10 ([][]values[] []=
[] []\TU/lmtt/b/n/10 c[][]\TU/lmtt/m/n/10 ([][]"gold3"[][],[] []"blue4"[][]))[]
 []+[] []\TU/lmtt/b/n/10 scale_fill_manual[][]\TU/lmtt/m/n/10 ([][]values[] []=
[] []\TU/lmtt/b/n/10 c[][]\TU/lmtt/m/n/10 ([][]"gold2"[][],[][] 
 []

[35]
Package color Info: Redefining color shadecolor on input line 1979.
File: figures/figure_ns_unnamed-chunk-27-1.pdf Graphic file (type pdf)
<use figures/figure_ns_unnamed-chunk-27-1.pdf>

Overfull \hbox (15.0pt too wide) in paragraph at lines 1980--1981
[][] 
 []

Package color Info: Redefining color shadecolor on input line 1985.
Package color Info: Redefining color shadecolor on input line 2004.
[36]
Package color Info: Redefining color shadecolor on input line 2026.
Package color Info: Redefining color shadecolor on input line 2063.
Package color Info: Redefining color shadecolor on input line 2085.
 [37]
Package atveryend Info: Empty hook `BeforeClearDocument' on input line 2119.
 [38]
Package atveryend Info: Empty hook `AfterLastShipout' on input line 2119.
 (./plotting_csv.aux)
Package atveryend Info: Empty hook `AtVeryEndDocument' on input line 2119.
Package atveryend Info: Executing hook `AtEndAfterFileList' on input line 2119.

Package rerunfilecheck Info: File `plotting_csv.out' has not changed.
(rerunfilecheck)             Checksum: B31B2AD866D653C41F4E3ACA7685C99D;301.
Package atveryend Info: Empty hook `AtVeryVeryEnd' on input line 2119.
 ) 
Here is how much of TeX's memory you used:
 11117 strings out of 481772
 158631 string characters out of 5936452
 538662 words of memory out of 5000000
 27942 multiletter control sequences out of 15000+600000
 537415 words of font info for 52 fonts, out of 8000000 for 9000
 14 hyphenation exceptions out of 8191
 34i,6n,45p,328b,368s stack positions out of 5000i,500n,10000p,200000b,80000s

Output written on plotting_csv.pdf (38 pages).
